C:\Program Files\Microsoft Visual Studio\2022\Community\MSBuild\Microsoft\VC\v170\Microsoft.CppBuild.targets(514,5): warning MSB8028: The intermediate directory (D:\Projects\C++\GitHub Projects\Strange-Attractors\bin\intermediates\x64\Debug\) contains files shared from another project (raylib-cpp-template.vcxproj, TheCherno-VS-Project-Template1.vcxproj).  This can lead to incorrect clean and rebuild behavior.
  SceneAttractors2D.cpp
D:\Projects\C++\GitHub Projects\Strange-Attractors\Strange-Attractors\external\raylib-cpp\Functions.hpp(66,3): warning C5051: attribute 'maybe_unused' requires at least '/std:c++17'; ignored
D:\Projects\C++\GitHub Projects\Strange-Attractors\Strange-Attractors\external\raylib-cpp\Functions.hpp(147,3): warning C5051: attribute 'maybe_unused' requires at least '/std:c++17'; ignored
D:\Projects\C++\GitHub Projects\Strange-Attractors\Strange-Attractors\external\raylib-cpp\Functions.hpp(166,3): warning C5051: attribute 'maybe_unused' requires at least '/std:c++17'; ignored
D:\Projects\C++\GitHub Projects\Strange-Attractors\Strange-Attractors\src\Scenes\SceneAttractors2D\SceneAttractors2D.cpp(81,36): warning C4244: 'argument': conversion from 'float' to 'int', possible loss of data
D:\Projects\C++\GitHub Projects\Strange-Attractors\Strange-Attractors\src\Scenes\SceneAttractors2D\SceneAttractors2D.cpp(81,20): warning C4244: 'argument': conversion from 'float' to 'int', possible loss of data
D:\Projects\C++\GitHub Projects\Strange-Attractors\Strange-Attractors\src\Scenes\SceneAttractors2D\SceneAttractors2D.cpp(80,36): warning C4244: 'argument': conversion from 'float' to 'int', possible loss of data
D:\Projects\C++\GitHub Projects\Strange-Attractors\Strange-Attractors\src\Scenes\SceneAttractors2D\SceneAttractors2D.cpp(80,23): warning C4244: 'argument': conversion from 'float' to 'int', possible loss of data
  Main.cpp
D:\Projects\C++\GitHub Projects\Strange-Attractors\Strange-Attractors\external\raylib-cpp\Functions.hpp(66,3): warning C5051: attribute 'maybe_unused' requires at least '/std:c++17'; ignored
D:\Projects\C++\GitHub Projects\Strange-Attractors\Strange-Attractors\external\raylib-cpp\Functions.hpp(147,3): warning C5051: attribute 'maybe_unused' requires at least '/std:c++17'; ignored
D:\Projects\C++\GitHub Projects\Strange-Attractors\Strange-Attractors\external\raylib-cpp\Functions.hpp(166,3): warning C5051: attribute 'maybe_unused' requires at least '/std:c++17'; ignored
D:\Projects\C++\GitHub Projects\Strange-Attractors\Strange-Attractors\external\raylib\src\extras\raygui.h(2352,52): warning C4244: '+=': conversion from 'float' to 'int', possible loss of data
D:\Projects\C++\GitHub Projects\Strange-Attractors\Strange-Attractors\external\raylib\src\extras\raygui.h(2385,48): warning C4244: '+=': conversion from 'float' to 'int', possible loss of data
D:\Projects\C++\GitHub Projects\Strange-Attractors\Strange-Attractors\external\raylib\src\extras\raygui.h(3059,87): warning C4244: 'argument': conversion from 'float' to 'int', possible loss of data
D:\Projects\C++\GitHub Projects\Strange-Attractors\Strange-Attractors\external\raylib\src\extras\raygui.h(3060,105): warning C4244: 'argument': conversion from 'float' to 'int', possible loss of data
D:\Projects\C++\GitHub Projects\Strange-Attractors\Strange-Attractors\external\raylib\src\extras\raygui.h(3061,109): warning C4244: 'argument': conversion from 'float' to 'int', possible loss of data
D:\Projects\C++\GitHub Projects\Strange-Attractors\Strange-Attractors\external\raylib\src\extras\raygui.h(3062,109): warning C4244: 'argument': conversion from 'float' to 'int', possible loss of data
D:\Projects\C++\GitHub Projects\Strange-Attractors\Strange-Attractors\external\raylib\src\extras\raygui.h(3063,109): warning C4244: 'argument': conversion from 'float' to 'int', possible loss of data
  SceneAttractors3D.cpp
  Generating Code...
D:\Projects\C++\GitHub Projects\Strange-Attractors\Strange-Attractors\src\Scenes\SceneAttractors2D\SceneAttractors2D.h(36): warning C4172: returning address of local variable or temporary
  Strange-Attractors.vcxproj -> D:\Projects\C++\GitHub Projects\Strange-Attractors\bin\x64\Debug\Strange-Attractors.exe
