  SceneAttractors2D.cpp
D:\Projects\C++\GitHub Projects\Strange-Attractors\Strange-Attractors\external\raylib-cpp\Functions.hpp(66,2): warning C5051: attribute [[maybe_unused]] requires at least '/std:c++17'; ignored
  (compiling source file 'src/Scenes/SceneAttractors2D/SceneAttractors2D.cpp')
  
D:\Projects\C++\GitHub Projects\Strange-Attractors\Strange-Attractors\external\raylib-cpp\Functions.hpp(147,2): warning C5051: attribute [[maybe_unused]] requires at least '/std:c++17'; ignored
  (compiling source file 'src/Scenes/SceneAttractors2D/SceneAttractors2D.cpp')
  
D:\Projects\C++\GitHub Projects\Strange-Attractors\Strange-Attractors\external\raylib-cpp\Functions.hpp(166,2): warning C5051: attribute [[maybe_unused]] requires at least '/std:c++17'; ignored
  (compiling source file 'src/Scenes/SceneAttractors2D/SceneAttractors2D.cpp')
  
D:\Projects\C++\GitHub Projects\Strange-Attractors\Strange-Attractors\src\Scenes\SceneAttractors2D\SceneAttractors2D.cpp(81,36): warning C4244: 'argument': conversion from 'float' to 'int', possible loss of data
D:\Projects\C++\GitHub Projects\Strange-Attractors\Strange-Attractors\src\Scenes\SceneAttractors2D\SceneAttractors2D.cpp(81,20): warning C4244: 'argument': conversion from 'float' to 'int', possible loss of data
D:\Projects\C++\GitHub Projects\Strange-Attractors\Strange-Attractors\src\Scenes\SceneAttractors2D\SceneAttractors2D.cpp(80,36): warning C4244: 'argument': conversion from 'float' to 'int', possible loss of data
D:\Projects\C++\GitHub Projects\Strange-Attractors\Strange-Attractors\src\Scenes\SceneAttractors2D\SceneAttractors2D.cpp(80,23): warning C4244: 'argument': conversion from 'float' to 'int', possible loss of data
  Main.cpp
D:\Projects\C++\GitHub Projects\Strange-Attractors\Strange-Attractors\external\raylib-cpp\Functions.hpp(66,2): warning C5051: attribute [[maybe_unused]] requires at least '/std:c++17'; ignored
  (compiling source file 'src/Main.cpp')
  
D:\Projects\C++\GitHub Projects\Strange-Attractors\Strange-Attractors\external\raylib-cpp\Functions.hpp(147,2): warning C5051: attribute [[maybe_unused]] requires at least '/std:c++17'; ignored
  (compiling source file 'src/Main.cpp')
  
D:\Projects\C++\GitHub Projects\Strange-Attractors\Strange-Attractors\external\raylib-cpp\Functions.hpp(166,2): warning C5051: attribute [[maybe_unused]] requires at least '/std:c++17'; ignored
  (compiling source file 'src/Main.cpp')
  
D:\Projects\C++\GitHub Projects\Strange-Attractors\Strange-Attractors\external\raylib\src\extras\raygui.h(2352,52): warning C4244: '+=': conversion from 'float' to 'int', possible loss of data
  (compiling source file 'src/Main.cpp')
  
D:\Projects\C++\GitHub Projects\Strange-Attractors\Strange-Attractors\external\raylib\src\extras\raygui.h(2385,48): warning C4244: '+=': conversion from 'float' to 'int', possible loss of data
  (compiling source file 'src/Main.cpp')
  
D:\Projects\C++\GitHub Projects\Strange-Attractors\Strange-Attractors\external\raylib\src\extras\raygui.h(3059,87): warning C4244: 'argument': conversion from 'float' to 'int', possible loss of data
  (compiling source file 'src/Main.cpp')
  
D:\Projects\C++\GitHub Projects\Strange-Attractors\Strange-Attractors\external\raylib\src\extras\raygui.h(3060,105): warning C4244: 'argument': conversion from 'float' to 'int', possible loss of data
  (compiling source file 'src/Main.cpp')
  
D:\Projects\C++\GitHub Projects\Strange-Attractors\Strange-Attractors\external\raylib\src\extras\raygui.h(3061,109): warning C4244: 'argument': conversion from 'float' to 'int', possible loss of data
  (compiling source file 'src/Main.cpp')
  
D:\Projects\C++\GitHub Projects\Strange-Attractors\Strange-Attractors\external\raylib\src\extras\raygui.h(3062,109): warning C4244: 'argument': conversion from 'float' to 'int', possible loss of data
  (compiling source file 'src/Main.cpp')
  
D:\Projects\C++\GitHub Projects\Strange-Attractors\Strange-Attractors\external\raylib\src\extras\raygui.h(3063,109): warning C4244: 'argument': conversion from 'float' to 'int', possible loss of data
  (compiling source file 'src/Main.cpp')
  
  SceneAttractors3D.cpp
  Generating code
  Previous IPDB was built with incompatible compiler, fall back to full compilation.
D:\Projects\C++\GitHub Projects\Strange-Attractors\Strange-Attractors\src\Scenes\SceneAttractors2D\SceneAttractors2D.h(36): warning C4172: returning address of local variable or temporary
  All 268 functions were compiled because no usable IPDB/IOBJ from previous compilation was found.
  Finished generating code
  Strange-Attractors.vcxproj -> D:\Projects\C++\GitHub Projects\Strange-Attractors\bin\x64\Release\Strange-Attractors.exe
